ncsim(64) 15.20-s039
Linux 3.10.0-1160.6.1.el7.x86_64 #1 SMP Tue Nov 17 13:59:11 UTC 2020 x86_64
CPU cores: 40
Limit information:
======================================
cputime			unlimited
filesize		unlimited
datasize		unlimited
stacksize		8192 kbytes
coredumpsize	0 kbytes
memoryuse		unlimited
vmemoryuse		unlimited
descriptors		4096
memorylocked	64 kbytes
maxproc			4096
======================================
(Special)Runtime environment variables:

Runtime environment variables:
USER=khduh
LOGNAME=khduh
HOME=/home/khduh
PATH=/usr/cad/cadence/MMSIM/cur/tools/dfII/bin:/usr/cad/cadence/MMSIM/cur/tools/bin:/usr/cad/cadence/IC/cur/tools/dfII/bin:/usr/cad/cadence/IC/cur/tools/dracula/bin:/usr/cad/cadence/IC/cur/tools/bin:/usr/cad/cadence/INNOVUS/cur/tools/celtic/bin:/usr/cad/cadence/INNOVUS/cur/tools/plato/bin:/usr/cad/cadence/INNOVUS/cur/tools/dfII/bin:/usr/cad/cadence/INNOVUS/cur/tools/bin:/usr/cad/cadence/INNOVUS/cur//tools/tlfUtil/bin:/usr/cad/cadence/ASSURA/cur/tools/assura/bin:/usr/cad/cadence/ASSURA/cur/tools/dsm/bin:/usr/cad/cadence/ASSURA/cur/tools/bin:/usr/cad/cadence/ASSURA/cur/tools/dfII/bin:/usr/cad/cadence/INCISIV/cur/tools/bin/64bit:/usr/cad/cadence/INCISIV/cur/tools/vtools/vfault/bin/64bit:/usr/cad/cadence/INCISIV/cur/tools/dfII/bin/64bit:/usr/cad/synopsys/vcs/cur/bin:/usr/cad/synopsys/vcs/cur/linux/bin:/usr/cad/synopsys/vcs/cur/linux/util:/usr/cad/synopsys/vcs/cur/linux/flexlm:/usr/cad/synopsys/xa/cur/bin:/usr/cad/synopsys/milkyway/cur/bin/AMD.64:/usr/cad/synopsys/laker/cur/bin:/usr/cad/synopsys/customexplorer/cur/bin:/usr/cad/synopsys/tmax/cur/bin:/usr/cad/synopsys/hspice/cur/hspice/bin:/usr/cad/synopsys/hspice/cur/hspice/GNU/linux64/gcc/bin:/usr/cad/synopsys/hspice/cur/hspice/linux64:/usr/bin:/usr/ucb/bin:/usr/cad/synopsys/verdi/cur/bin:/usr/cad/synopsys/verdi/cur/nLint/bin:/usr/cad/synopsys/icc/cur/amd64/syn/bin:/usr/bin/X11:/usr/cad/synopsys/coreConsultant/cur/bin:/usr/cad/synopsys/synthesis/cur/amd64/syn/bin:/usr/cad/synopsys/lc/cur/bin:/usr/cad/synopsys/xa/cur/bin:/usr/cad/synopsys/vcs/cur/bin:/usr/cad/synopsys/vcs/cur/linux/bin:/usr/cad/synopsys/vcs/cur/linux/util:/usr/cad/synopsys/vcs/cur/linux/flexlm:/usr/cad/mentor/Tessent/cur/bin:/usr/cad/mentor/calibre/cur/bin:/usr/local/bin:/usr/bin:/usr/local/sbin:/usr/sbin
MAIL=/var/spool/mail/khduh
SHELL=/bin/tcsh
SSH_CLIENT=140.116.164.42 50370 22
SSH_CONNECTION=140.116.164.42 50370 140.114.14.14 22
SSH_TTY=/dev/pts/8
TERM=xterm
DISPLAY=localhost:16.0
XDG_SESSION_ID=8521
XDG_RUNTIME_DIR=/run/user/1004
HOSTTYPE=x86_64-linux
VENDOR=unknown
OSTYPE=linux
MACHTYPE=x86_64
SHLVL=1
PWD=/home/khduh/DIC_HW5
GROUP=larc
HOST=cwwlab-cad
REMOTEHOST=n26094883.ee.ncku.edu.tw
HOSTNAME=cwwlab-cad
LS_COLORS=rs=0:di=01;34:ln=01;36:mh=00:pi=40;33:so=01;35:do=01;35:bd=40;33;01:cd=40;33;01:or=40;31;01:mi=01;05;37;41:su=37;41:sg=30;43:ca=30;41:tw=30;42:ow=34;42:st=37;44:ex=01;32:*.tar=01;31:*.tgz=01;31:*.arc=01;31:*.arj=01;31:*.taz=01;31:*.lha=01;31:*.lz4=01;31:*.lzh=01;31:*.lzma=01;31:*.tlz=01;31:*.txz=01;31:*.tzo=01;31:*.t7z=01;31:*.zip=01;31:*.z=01;31:*.Z=01;31:*.dz=01;31:*.gz=01;31:*.lrz=01;31:*.lz=01;31:*.lzo=01;31:*.xz=01;31:*.bz2=01;31:*.bz=01;31:*.tbz=01;31:*.tbz2=01;31:*.tz=01;31:*.deb=01;31:*.rpm=01;31:*.jar=01;31:*.war=01;31:*.ear=01;31:*.sar=01;31:*.rar=01;31:*.alz=01;31:*.ace=01;31:*.zoo=01;31:*.cpio=01;31:*.7z=01;31:*.rz=01;31:*.cab=01;31:*.jpg=01;35:*.jpeg=01;35:*.gif=01;35:*.bmp=01;35:*.pbm=01;35:*.pgm=01;35:*.ppm=01;35:*.tga=01;35:*.xbm=01;35:*.xpm=01;35:*.tif=01;35:*.tiff=01;35:*.png=01;35:*.svg=01;35:*.svgz=01;35:*.mng=01;35:*.pcx=01;35:*.mov=01;35:*.mpg=01;35:*.mpeg=01;35:*.m2v=01;35:*.mkv=01;35:*.webm=01;35:*.ogm=01;35:*.mp4=01;35:*.m4v=01;35:*.mp4v=01;35:*.vob=01;35:*.qt=01;35:*.nuv=01;35:*.wmv=01;35:*.asf=01;35:*.rm=01;35:*.rmvb=01;35:*.flc=01;35:*.avi=01;35:*.fli=01;35:*.flv=01;35:*.gl=01;35:*.dl=01;35:*.xcf=01;35:*.xwd=01;35:*.yuv=01;35:*.cgm=01;35:*.emf=01;35:*.axv=01;35:*.anx=01;35:*.ogv=01;35:*.ogx=01;35:*.aac=01;36:*.au=01;36:*.flac=01;36:*.mid=01;36:*.midi=01;36:*.mka=01;36:*.mp3=01;36:*.mpc=01;36:*.ogg=01;36:*.ra=01;36:*.wav=01;36:*.axa=01;36:*.oga=01;36:*.spx=01;36:*.xspf=01;36:
LESSOPEN=||/usr/bin/lesspipe.sh %s
CDSHOME=/usr/cad/cadence/IC/cur
ASSURAHOME=/usr/cad/cadence/ASSURA/cur
CALIBRE_HOME=/usr/cad/mentor/calibre/cur
MGC_HOME=/usr/cad/mentor/calibre/cur
VERDI_HOME=/usr/cad/synopsys/verdi/cur
LM_LICENSE_FILE=5280@lshc:26585@lsnctu:1717@lsnctu
MGC_TMPDIR=/tmp
MGC_LOCATION_MAP=NO_MAP
VCS_HOME=/usr/cad/synopsys/vcs/cur
VCS_CC=gcc
SYNTHESIS=/usr/cad/synopsys/synthesis/cur
SYN_MAN_DIR=/usr/cad/synopsys/synthesis/cur/doc/syn/man
MANPATH=/usr/cad/synopsys/synthesis/cur/doc/syn/man
SYNOPSYS=/usr/cad/synopsys/icc/cur
LD_LIBRARY_PATH=:/usr/cad/cadence/MMSIM/cur/tools/lib:/usr/cad/cadence/IC/cur/tools/lib:/usr/cad/cadence/INNOVUS/cur//tools/tlfUtil/lib:/usr/cad/cadence/ASSURA/cur/tools/assura/lib:/usr/cad/cadence/ASSURA/cur/tools/dsm/lib:/usr/cad/cadence/ASSURA/cur/tools/lib:/usr/cad/cadence/INCISIV/cur/tools/lib:/usr/cad/cadence/INCISIV/cur/tools/vtools/vfault/lib:/usr/cad/synopsys/verdi/cur/share/PLI/IUS/LINUX64
SHLIB_PATH=/usr/cad/synopsys/verdi/cur/share/PLI/IUS/LINUX64
installdir=/usr/cad/synopsys/hspice/cur/hspice
ARCH=linux64
CMIARCH=RH_64
mraarch=linux_64
TMIARCH=RH_64
HSP_HOME=/usr/cad/synopsys/hspice/cur/hspice
CDPL_HOME=/usr/cad/synopsys/hspice/cur/hspice/cdpl
SPAPI_AHDL_INCLUDE=/usr/cad/synopsys/hspice/cur/hspice/include
HSP_SIGMA_AMP=/usr/cad/synopsys/hspice/cur/hspice/linux64/python/Omega/Omega
SNPS_PLATFORM=linux64
HSP_GCC=/usr/cad/synopsys/hspice/cur/hspice/GNU/linux64/gcc/bin/gcc -m64 
SNPS_64=1
HSP_GCC_VERSION=7.3.0
CDS_LOAD_ENV=CSF
SYNOPSYS_TMAX=/usr/cad/synopsys/tmax/cur
Laker_TCL_L3=1
Laker_TCL_ToolBox=1
SC_HLPPATH=/usr/cad/synopsys/laker/cur
ENCOUNTER=/usr/cad/cadence/INNOVUS/cur/tools/fe
OA_HOME=/usr/cad/cadence/oa_v22.04.073
CDS_Netlisting_Mode=Analog
OAHOME=/usr/cad/cadence/oa_v22.04.073
_IRUNROOT_=/usr/cad/cadence/INCISIV/cur/tools
CDS_ARCH=lnx86
NCRUNMODE=ncverilog:./INCA_libs/irun.lnx8664.15.20.nc
IRUNBATCH=FALSE
IMPERAS_PORT_FILE=.vsp_ovp_gdb_port
TCL_LIBRARY=/usr/cad/cadence/INCISIV/cur/tools/inca/files/tcl/library
Runtime command line arguments:
argv[0]=ncverilog
argv[1]=testfixture1.v
argv[2]=+access+r
92 profile - 100
          CPU/Mem usage: 0.040 sys,  0.050 user,  97.66M sys,  0.00M vm
93 VC callback profile - scalar:0 vector:0
94 Tue Jun 22 02:19:08 2021
95 pliAppInit
96 FSDB_GATE is disabled.
97 Enable Parallel Dumping.
98 pliAppMiscSet: New Sim Round
99 pliEntryInit
100 LIBSSCORE=found /usr/cad/synopsys/verdi/cur/share/PLI/IUS/LINUX64/libsscore_ius152.so through $LD_LIBRARY_PATH setting.
101 argv[0]: FAS.fsdb
102 argv[0]: +struct
103 argv[1]: +mda
104 argv[2]: (handle)0x54ad5c8 testfixture1.DUT
105 FSDB Dumper for IUS, Release Verdi_Q-2020.03, Linux x86_64/64bit, 02/09/2020
106 (C) 1996 - 2020 by Synopsys, Inc.
107 sps_call_fsdbDumpfile at 0 : /home/khduh/DIC_HW5/testfixture1.v(54)
108 argv[0]: FAS.fsdb
109 *Verdi* FSDB WARNING: The FSDB file already exists. Overwriting the FSDB file may crash the programs that are using this file.
110 *Verdi* : Create FSDB file 'FAS.fsdb'
111 sps_call_fsdbDumpvars at 0 : /home/khduh/DIC_HW5/testfixture1.v(55)
112 argv[0]: +struct
113 argv[1]: +mda
114 argv[2]: (handle)0x54ad5a8 testfixture1.DUT
115 *Verdi* : Begin traversing the scope (testfixture1.DUT), layer (0).
116 *Verdi* : Enable +struct and +mda dumping.
117 *Verdi* : End of traversing.
118 fsdbDumpvars traverse var: profile - 
          CPU/Mem usage: 0.050 sys,  0.070 user,  185.22M sys,  0.00M vm
                   incr: 0.000 sys,  0.010 user,  4.46M sys,  0.00M vm
                   accu: 0.000 sys,  0.010 user,  4.46M sys,  0.00M vm
              accu incr: 0.000 sys,  0.010 user,  4.46M sys,  0.00M vm

          Count usage: 729 var,  695 idcode,  695 callback
                 incr: 729 var,  695 idcode,  695 callback
                 accu: 729 var,  695 idcode,  695 callback
            accu incr: 729 var,  695 idcode,  695 callback
119 VC callback profile - scalar:0 vector:0
120 Tue Jun 22 02:19:09 2021
121 fsdbDumpvars: profile - 
          CPU/Mem usage: 0.050 sys,  0.070 user,  186.27M sys,  0.00M vm
                   incr: 0.000 sys,  0.000 user,  1.05M sys,  0.00M vm
                   accu: 0.000 sys,  0.010 user,  5.51M sys,  0.00M vm
              accu incr: 0.000 sys,  0.000 user,  1.05M sys,  0.00M vm

          Count usage: 729 var,  695 idcode,  695 callback
                 incr: 0 var,  0 idcode,  0 callback
                 accu: 729 var,  695 idcode,  695 callback
            accu incr: 0 var,  0 idcode,  0 callback
122 VC callback profile - scalar:23 vector:672
123 Tue Jun 22 02:19:09 2021
124 sps_call_fsdbDumpvars at 0 : /home/khduh/DIC_HW5/testfixture1.v(56)
125 *Verdi* : Begin traversing the scopes, layer (0).
126 *Verdi* : End of traversing.
127 fsdbDumpvars traverse var: profile - 
          CPU/Mem usage: 0.050 sys,  0.080 user,  186.40M sys,  0.00M vm
                   incr: 0.000 sys,  0.010 user,  0.14M sys,  0.00M vm
                   accu: 0.000 sys,  0.010 user,  0.14M sys,  0.00M vm
              accu incr: 0.000 sys,  0.010 user,  0.14M sys,  0.00M vm

          Count usage: 1198 var,  730 idcode,  730 callback
                 incr: 469 var,  35 idcode,  35 callback
                 accu: 469 var,  35 idcode,  35 callback
            accu incr: 469 var,  35 idcode,  35 callback
128 VC callback profile - scalar:23 vector:672
129 Tue Jun 22 02:19:09 2021
130 fsdbDumpvars: profile - 
          CPU/Mem usage: 0.050 sys,  0.080 user,  186.40M sys,  0.00M vm
                   incr: 0.000 sys,  0.000 user,  0.00M sys,  0.00M vm
                   accu: 0.000 sys,  0.010 user,  0.14M sys,  0.00M vm
              accu incr: 0.000 sys,  0.000 user,  0.00M sys,  0.00M vm

          Count usage: 1198 var,  730 idcode,  730 callback
                 incr: 0 var,  0 idcode,  0 callback
                 accu: 469 var,  35 idcode,  35 callback
            accu incr: 0 var,  0 idcode,  0 callback
131 VC callback profile - scalar:53 vector:1056
132 Tue Jun 22 02:19:09 2021
133 End of simulation at 4027500
134 VC callback profile - scalar:4216 vector:486764
135 Tue Jun 22 02:19:09 2021
136 Begin FSDB profile info:
137 FSDB Writer : bc1(4216) bcn(486764) mtf/stf(0/0)
FSDB Writer elapsed time : flush(0.219140) io wait(0.000000) theadpool wait(0.000000)
FSDB Writer cpu time : MT Compression : 0
138 End FSDB profile info
139 Parallel profile    -  Flush:4 Expand:0 ProduceWait:0 ConsumerWait:3 BlockUsed:6
140                        ProduceTime:0.365742190 ConsumerTime:0.072441130 Buffer:64MB
141 SimExit
142 Sim process exit
